-------------------------------------------------------------------------------
Test set: com.mgp.mdemo1.frontend.tests.testng.runner.RunCucumberTest
-------------------------------------------------------------------------------
Tests run: 6, Failures: 1, Errors: 0, Skipped: 0, Time elapsed: 289.156 s <<< FAILURE! - in com.mgp.mdemo1.frontend.tests.testng.runner.RunCucumberTest
com.mgp.mdemo1.frontend.tests.testng.runner.RunCucumberTest.runScenario["Verify user cannot make a payment if input invalid data on the Consent page.", "Submit an invalid application."](6)  Time elapsed: 60.184 s  <<< FAILURE!
java.lang.AssertionError: expected [Werex sorry you declined our process!] but found [null]
	at org.testng.Assert.fail(Assert.java:110)
	at org.testng.Assert.failNotEquals(Assert.java:1413)
	at org.testng.Assert.assertEqualsImpl(Assert.java:149)
	at org.testng.Assert.assertEquals(Assert.java:131)
	at org.testng.Assert.assertEquals(Assert.java:655)
	at org.testng.Assert.assertEquals(Assert.java:665)
	at com.mgp.mdemo1.frontend.tests.stepdefinitions.WeAreSorrySteps.userShouldSeeTheMessage(WeAreSorrySteps.java:32)
	at âœ½.User should see the message "Werex sorry you declined our process!"(classpath:features/SubmitAnInvalidApplication.feature:25)

