<?xml version="1.0" encoding="UTF-8"?>
<testng-results ignored="0" total="6" passed="5" failed="1" skipped="0">
  <reporter-output>
  </reporter-output>
  <suite started-at="2023-06-23T11:32:49 ICT" name="Surefire suite" finished-at="2023-06-23T11:37:49 ICT" duration-ms="299610">
    <groups>
      <group name="cucumber">
        <method signature="AbstractTestNGCucumberTests.runScenario(io.cucumber.testng.PickleWrapper,io.cucumber.testng.FeatureWrapper)[pri:0, instance:com.mgp.mdemo1.frontend.tests.testng.runner.RunCucumberTest@31fa1761]" name="runScenario" class="io.cucumber.testng.AbstractTestNGCucumberTests"/>
      </group> <!-- cucumber -->
    </groups>
    <test started-at="2023-06-23T11:32:49 ICT" name="Surefire test" finished-at="2023-06-23T11:37:49 ICT" duration-ms="299610">
      <class name="com.mgp.mdemo1.frontend.tests.testng.runner.RunCucumberTest">
        <test-method is-config="true" signature="setUpClass(org.testng.ITestContext)[pri:0, instance:com.mgp.mdemo1.frontend.tests.testng.runner.RunCucumberTest@31fa1761]" started-at="2023-06-23T11:32:49 ICT" name="setUpClass" finished-at="2023-06-23T11:32:50 ICT" duration-ms="623" status="PASS">
          <params>
            <param index="0">
              <value>
                <![CDATA[org.testng.TestRunner@3ea84e01]]>
              </value>
            </param>
          </params>
          <reporter-output>
          </reporter-output>
        </test-method> <!-- setUpClass -->
        <test-method signature="runScenario(io.cucumber.testng.PickleWrapper,io.cucumber.testng.FeatureWrapper)[pri:0, instance:com.mgp.mdemo1.frontend.tests.testng.runner.RunCucumberTest@31fa1761]" started-at="2023-06-23T11:32:50 ICT" name="runScenario" description="Runs Cucumber Scenarios" data-provider="scenarios" finished-at="2023-06-23T11:34:01 ICT" duration-ms="71188" status="PASS">
          <params>
            <param index="0">
              <value>
                <![CDATA["Verify user can make a payment after login to the system."]]>
              </value>
            </param>
            <param index="1">
              <value>
                <![CDATA["Submit an application."]]>
              </value>
            </param>
          </params>
          <reporter-output>
          </reporter-output>
        </test-method> <!-- runScenario -->
        <test-method signature="runScenario(io.cucumber.testng.PickleWrapper,io.cucumber.testng.FeatureWrapper)[pri:0, instance:com.mgp.mdemo1.frontend.tests.testng.runner.RunCucumberTest@31fa1761]" started-at="2023-06-23T11:34:04 ICT" name="runScenario" description="Runs Cucumber Scenarios" data-provider="scenarios" finished-at="2023-06-23T11:34:43 ICT" duration-ms="39649" status="PASS">
          <params>
            <param index="0">
              <value>
                <![CDATA["Verify user cannot make a payment if input invalid data on the Prequalification screen."]]>
              </value>
            </param>
            <param index="1">
              <value>
                <![CDATA["Submit an invalid application."]]>
              </value>
            </param>
          </params>
          <reporter-output>
          </reporter-output>
        </test-method> <!-- runScenario -->
        <test-method signature="runScenario(io.cucumber.testng.PickleWrapper,io.cucumber.testng.FeatureWrapper)[pri:0, instance:com.mgp.mdemo1.frontend.tests.testng.runner.RunCucumberTest@31fa1761]" started-at="2023-06-23T11:34:44 ICT" name="runScenario" description="Runs Cucumber Scenarios" data-provider="scenarios" finished-at="2023-06-23T11:35:23 ICT" duration-ms="39184" status="PASS">
          <params>
            <param index="0">
              <value>
                <![CDATA["Verify user cannot make a payment if input invalid data on the Prequalification screen."]]>
              </value>
            </param>
            <param index="1">
              <value>
                <![CDATA["Submit an invalid application."]]>
              </value>
            </param>
          </params>
          <reporter-output>
          </reporter-output>
        </test-method> <!-- runScenario -->
        <test-method signature="runScenario(io.cucumber.testng.PickleWrapper,io.cucumber.testng.FeatureWrapper)[pri:0, instance:com.mgp.mdemo1.frontend.tests.testng.runner.RunCucumberTest@31fa1761]" started-at="2023-06-23T11:35:25 ICT" name="runScenario" description="Runs Cucumber Scenarios" data-provider="scenarios" finished-at="2023-06-23T11:36:04 ICT" duration-ms="38661" status="PASS">
          <params>
            <param index="0">
              <value>
                <![CDATA["Verify user cannot make a payment if input invalid data on the Prequalification screen."]]>
              </value>
            </param>
            <param index="1">
              <value>
                <![CDATA["Submit an invalid application."]]>
              </value>
            </param>
          </params>
          <reporter-output>
          </reporter-output>
        </test-method> <!-- runScenario -->
        <test-method signature="runScenario(io.cucumber.testng.PickleWrapper,io.cucumber.testng.FeatureWrapper)[pri:0, instance:com.mgp.mdemo1.frontend.tests.testng.runner.RunCucumberTest@31fa1761]" started-at="2023-06-23T11:36:05 ICT" name="runScenario" description="Runs Cucumber Scenarios" data-provider="scenarios" finished-at="2023-06-23T11:36:43 ICT" duration-ms="38285" status="PASS">
          <params>
            <param index="0">
              <value>
                <![CDATA["Verify user cannot make a payment if input invalid data on the Prequalification screen."]]>
              </value>
            </param>
            <param index="1">
              <value>
                <![CDATA["Submit an invalid application."]]>
              </value>
            </param>
          </params>
          <reporter-output>
          </reporter-output>
        </test-method> <!-- runScenario -->
        <test-method signature="runScenario(io.cucumber.testng.PickleWrapper,io.cucumber.testng.FeatureWrapper)[pri:0, instance:com.mgp.mdemo1.frontend.tests.testng.runner.RunCucumberTest@31fa1761]" started-at="2023-06-23T11:36:44 ICT" name="runScenario" description="Runs Cucumber Scenarios" data-provider="scenarios" finished-at="2023-06-23T11:37:47 ICT" duration-ms="63113" status="FAIL">
          <params>
            <param index="0">
              <value>
                <![CDATA["Verify user cannot make a payment if input invalid data on the Consent page."]]>
              </value>
            </param>
            <param index="1">
              <value>
                <![CDATA["Submit an invalid application."]]>
              </value>
            </param>
          </params>
          <exception class="java.lang.AssertionError">
            <message>
              <![CDATA[expected [Werex sorry you declined our process!] but found [null]]]>
            </message>
            <full-stacktrace>
              <![CDATA[java.lang.AssertionError: expected [Werex sorry you declined our process!] but found [null]
at org.testng.Assert.fail(Assert.java:110)
at org.testng.Assert.failNotEquals(Assert.java:1413)
at org.testng.Assert.assertEqualsImpl(Assert.java:149)
at org.testng.Assert.assertEquals(Assert.java:131)
at org.testng.Assert.assertEquals(Assert.java:655)
at org.testng.Assert.assertEquals(Assert.java:665)
at com.mgp.mdemo1.frontend.tests.stepdefinitions.WeAreSorrySteps.userShouldSeeTheMessage(WeAreSorrySteps.java:32)
at âœ½.User should see the message "Werex sorry you declined our process!"(classpath:features/SubmitAnInvalidApplication.feature:25)
]]>
            </full-stacktrace>
          </exception> <!-- java.lang.AssertionError -->
          <reporter-output>
          </reporter-output>
        </test-method> <!-- runScenario -->
        <test-method is-config="true" signature="tearDownClass()[pri:0, instance:com.mgp.mdemo1.frontend.tests.testng.runner.RunCucumberTest@31fa1761]" started-at="2023-06-23T11:37:49 ICT" name="tearDownClass" finished-at="2023-06-23T11:37:49 ICT" duration-ms="149" status="PASS">
          <reporter-output>
          </reporter-output>
        </test-method> <!-- tearDownClass -->
      </class> <!-- com.mgp.mdemo1.frontend.tests.testng.runner.RunCucumberTest -->
    </test> <!-- Surefire test -->
  </suite> <!-- Surefire suite -->
</testng-results>
